<?xml version="1.0" encoding="UTF-8"?>
<testng-results ignored="0" total="1" passed="1" failed="0" skipped="0">
  <reporter-output>
  </reporter-output>
  <suite started-at="2025-02-17T12:10:31 IST" name="Suite" finished-at="2025-02-17T12:10:43 IST" duration-ms="11365">
    <groups>
    </groups>
    <test started-at="2025-02-17T12:10:31 IST" name="Test" finished-at="2025-02-17T12:10:43 IST" duration-ms="11365">
      <class name="testClasses.ProfileUpdate">
        <test-method is-config="true" signature="setup(java.lang.String,java.lang.String)[pri:0, instance:testClasses.ProfileUpdate@76f4b65]" started-at="2025-02-17T12:10:31 IST" name="setup" finished-at="2025-02-17T12:10:36 IST" duration-ms="5088" status="PASS">
          <params>
            <param index="0">
              <value>
                <![CDATA[Windows]]>
              </value>
            </param>
            <param index="1">
              <value>
                <![CDATA[chrome]]>
              </value>
            </param>
          </params>
          <reporter-output>
          </reporter-output>
        </test-method> <!-- setup -->
        <test-method signature="Profile()[pri:0, instance:testClasses.ProfileUpdate@76f4b65]" started-at="2025-02-17T12:10:36 IST" name="Profile" finished-at="2025-02-17T12:10:42 IST" duration-ms="5502" status="PASS">
          <reporter-output>
          </reporter-output>
        </test-method> <!-- Profile -->
        <test-method is-config="true" signature="tearDown()[pri:0, instance:testClasses.ProfileUpdate@76f4b65]" started-at="2025-02-17T12:10:42 IST" name="tearDown" finished-at="2025-02-17T12:10:43 IST" duration-ms="677" status="PASS">
          <reporter-output>
          </reporter-output>
        </test-method> <!-- tearDown -->
      </class> <!-- testClasses.ProfileUpdate -->
    </test> <!-- Test -->
  </suite> <!-- Suite -->
</testng-results>
